<?xml version="1.0" encoding="UTF-8"?>
<testng-results skipped="0" failed="0" ignored="0" total="1" passed="1">
  <reporter-output>
  </reporter-output>
  <suite name="Default suite" duration-ms="9643" started-at="2022-02-12T13:19:31 CST" finished-at="2022-02-12T13:19:41 CST">
    <groups>
    </groups>
    <test name="Default test" duration-ms="9643" started-at="2022-02-12T13:19:31 CST" finished-at="2022-02-12T13:19:41 CST">
      <class name="test.AddCustomerTest">
        <test-method status="PASS" signature="validUserShouldBeAbleToCreateCustomer()[pri:0, instance:test.AddCustomerTest@3712b94]" name="validUserShouldBeAbleToCreateCustomer" duration-ms="9590" started-at="2022-02-12T13:19:31 CST" finished-at="2022-02-12T13:19:41 CST">
          <reporter-output>
          </reporter-output>
        </test-method> <!-- validUserShouldBeAbleToCreateCustomer -->
      </class> <!-- test.AddCustomerTest -->
    </test> <!-- Default test -->
  </suite> <!-- Default suite -->
</testng-results>
